17:16:51.030 : Peer 1001 is connected from Peer 1002.
17:16:51.052 : sent a bitfield to 1002 with file FULL 
17:16:51.056 : received a bitfield from 1002 with file EMPTY 
17:16:51.056 : uf.Peer 1001 sent ‘not interested’ message to 1002.
17:16:51.057 : uf.Peer 1001 is choked by 1002.
17:16:51.057 : uf.Peer 1001 sent choke to 1002.
17:16:51.058 : uf.Peer 1001 received the ‘interested’ message from 1002.
17:16:56.042 : uf.Peer 1001 is choked by 1002.
17:16:56.057 : uf.Peer 1001 sent unchoke to 1002.
17:16:56.058 : uf.Peer 1002 requested 6.
17:16:56.062 : sent piece 6 to 1002 
17:16:56.064 : uf.Peer 1001 received the ‘have’ message from 1002 for the piece 6.
17:16:56.065 : uf.Peer 1001 sent ‘not interested’ message to 1002.
17:16:56.065 : uf.Peer 1002 requested 1.
17:16:56.066 : sent piece 1 to 1002 
17:16:56.067 : uf.Peer 1001 received the ‘have’ message from 1002 for the piece 1.
17:16:56.068 : uf.Peer 1001 sent ‘not interested’ message to 1002.
17:16:56.068 : uf.Peer 1002 requested 2.
17:16:56.069 : sent piece 2 to 1002 
17:16:56.070 : uf.Peer 1001 received the ‘have’ message from 1002 for the piece 2.
17:16:56.070 : uf.Peer 1001 sent ‘not interested’ message to 1002.
17:16:56.070 : uf.Peer 1002 requested 3.
17:16:56.071 : sent piece 3 to 1002 
17:16:56.072 : uf.Peer 1001 received the ‘have’ message from 1002 for the piece 3.
17:16:56.072 : uf.Peer 1001 sent ‘not interested’ message to 1002.
17:16:56.073 : uf.Peer 1002 requested 4.
17:16:56.074 : sent piece 4 to 1002 
17:16:56.075 : uf.Peer 1001 received the ‘have’ message from 1002 for the piece 4.
17:16:56.075 : uf.Peer 1001 sent ‘not interested’ message to 1002.
17:16:56.076 : uf.Peer 1002 requested 0.
17:16:56.076 : sent piece 0 to 1002 
17:16:56.077 : uf.Peer 1001 received the ‘have’ message from 1002 for the piece 0.
17:16:56.078 : uf.Peer 1001 sent ‘not interested’ message to 1002.
17:16:56.078 : uf.Peer 1002 requested 5.
17:16:56.078 : sent piece 5 to 1002 
17:16:56.079 : uf.Peer 1001 received the ‘have’ message from 1002 for the piece 5.
17:16:56.080 : uf.Peer 1001 sent ‘not interested’ message to 1002.
17:16:56.080 : uf.Peer 1001 has downloaded the complete file from 1002
